<?xml version="1.0" encoding="UTF-8"?>
<testng-results ignored="0" total="7" passed="6" failed="1" skipped="0">
  <reporter-output>
  </reporter-output>
  <suite started-at="2022-09-08T04:06:31 IST" name="Default suite" finished-at="2022-09-08T04:06:31 IST" duration-ms="104">
    <groups>
    </groups>
    <test started-at="2022-09-08T04:06:31 IST" name="Default test" finished-at="2022-09-08T04:06:31 IST" duration-ms="104">
      <class name="StringCalculatorTest">
        <test-method is-config="true" signature="setUp()[pri:0, instance:StringCalculatorTest@670002]" started-at="2022-09-08T04:06:31 IST" name="setUp" finished-at="2022-09-08T04:06:31 IST" duration-ms="6" status="PASS">
          <reporter-output>
          </reporter-output>
        </test-method> <!-- setUp -->
        <test-method signature="addNumbersAndCharacters()[pri:0, instance:StringCalculatorTest@670002]" started-at="2022-09-08T04:06:31 IST" name="addNumbersAndCharacters" finished-at="2022-09-08T04:06:31 IST" duration-ms="7" status="FAIL">
          <exception class="java.lang.NumberFormatException">
            <message>
              <![CDATA[For input string: "a"]]>
            </message>
            <full-stacktrace>
              <![CDATA[java.lang.NumberFormatException: For input string: "a"
at java.base/java.lang.NumberFormatException.forInputString(NumberFormatException.java:68)
at java.base/java.lang.Integer.parseInt(Integer.java:652)
at java.base/java.lang.Integer.parseInt(Integer.java:770)
at StringCalculator.findNegatives(StringCalculator.java:62)
at StringCalculator.sum(StringCalculator.java:23)
at StringCalculator.add(StringCalculator.java:18)
at StringCalculatorTest.addNumbersAndCharacters(StringCalculatorTest.java:29)
at java.base/jdk.internal.reflect.NativeMethodAccessorImpl.invoke0(Native Method)
at java.base/jdk.internal.reflect.NativeMethodAccessorImpl.invoke(NativeMethodAccessorImpl.java:62)
at java.base/jdk.internal.reflect.DelegatingMethodAccessorImpl.invoke(DelegatingMethodAccessorImpl.java:43)
at java.base/java.lang.reflect.Method.invoke(Method.java:564)
at org.testng.internal.MethodInvocationHelper.invokeMethod(MethodInvocationHelper.java:133)
at org.testng.internal.TestInvoker.invokeMethod(TestInvoker.java:598)
at org.testng.internal.TestInvoker.invokeTestMethod(TestInvoker.java:173)
at org.testng.internal.MethodRunner.runInSequence(MethodRunner.java:46)
at org.testng.internal.TestInvoker$MethodInvocationAgent.invoke(TestInvoker.java:824)
at org.testng.internal.TestInvoker.invokeTestMethods(TestInvoker.java:146)
at org.testng.internal.TestMethodWorker.invokeTestMethods(TestMethodWorker.java:146)
at org.testng.internal.TestMethodWorker.run(TestMethodWorker.java:128)
at java.base/java.util.ArrayList.forEach(ArrayList.java:1511)
at org.testng.TestRunner.privateRun(TestRunner.java:794)
at org.testng.TestRunner.run(TestRunner.java:596)
at org.testng.SuiteRunner.runTest(SuiteRunner.java:377)
at org.testng.SuiteRunner.runSequentially(SuiteRunner.java:371)
at org.testng.SuiteRunner.privateRun(SuiteRunner.java:332)
at org.testng.SuiteRunner.run(SuiteRunner.java:276)
at org.testng.SuiteRunnerWorker.runSuite(SuiteRunnerWorker.java:53)
at org.testng.SuiteRunnerWorker.run(SuiteRunnerWorker.java:96)
at org.testng.TestNG.runSuitesSequentially(TestNG.java:1212)
at org.testng.TestNG.runSuitesLocally(TestNG.java:1134)
at org.testng.TestNG.runSuites(TestNG.java:1063)
at org.testng.TestNG.run(TestNG.java:1031)
at org.testng.remote.AbstractRemoteTestNG.run(AbstractRemoteTestNG.java:115)
at org.testng.remote.RemoteTestNG.initAndRun(RemoteTestNG.java:251)
at org.testng.remote.RemoteTestNG.main(RemoteTestNG.java:77)
]]>
            </full-stacktrace>
          </exception> <!-- java.lang.NumberFormatException -->
          <reporter-output>
          </reporter-output>
        </test-method> <!-- addNumbersAndCharacters -->
        <test-method is-config="true" signature="tearDown()[pri:0, instance:StringCalculatorTest@670002]" started-at="2022-09-08T04:06:31 IST" name="tearDown" finished-at="2022-09-08T04:06:31 IST" duration-ms="1" status="PASS">
          <reporter-output>
          </reporter-output>
        </test-method> <!-- tearDown -->
        <test-method is-config="true" signature="setUp()[pri:0, instance:StringCalculatorTest@670002]" started-at="2022-09-08T04:06:31 IST" name="setUp" finished-at="2022-09-08T04:06:31 IST" duration-ms="1" status="PASS">
          <reporter-output>
          </reporter-output>
        </test-method> <!-- setUp -->
        <test-method signature="emptyString()[pri:0, instance:StringCalculatorTest@670002]" started-at="2022-09-08T04:06:31 IST" name="emptyString" finished-at="2022-09-08T04:06:31 IST" duration-ms="4" status="PASS">
          <reporter-output>
          </reporter-output>
        </test-method> <!-- emptyString -->
        <test-method is-config="true" signature="tearDown()[pri:0, instance:StringCalculatorTest@670002]" started-at="2022-09-08T04:06:31 IST" name="tearDown" finished-at="2022-09-08T04:06:31 IST" duration-ms="0" status="PASS">
          <reporter-output>
          </reporter-output>
        </test-method> <!-- tearDown -->
        <test-method is-config="true" signature="setUp()[pri:0, instance:StringCalculatorTest@670002]" started-at="2022-09-08T04:06:31 IST" name="setUp" finished-at="2022-09-08T04:06:31 IST" duration-ms="0" status="PASS">
          <reporter-output>
          </reporter-output>
        </test-method> <!-- setUp -->
        <test-method signature="ignoreNumbersGreaterThan1000()[pri:0, instance:StringCalculatorTest@670002]" started-at="2022-09-08T04:06:31 IST" name="ignoreNumbersGreaterThan1000" finished-at="2022-09-08T04:06:31 IST" duration-ms="2" status="PASS">
          <reporter-output>
          </reporter-output>
        </test-method> <!-- ignoreNumbersGreaterThan1000 -->
        <test-method is-config="true" signature="tearDown()[pri:0, instance:StringCalculatorTest@670002]" started-at="2022-09-08T04:06:31 IST" name="tearDown" finished-at="2022-09-08T04:06:31 IST" duration-ms="1" status="PASS">
          <reporter-output>
          </reporter-output>
        </test-method> <!-- tearDown -->
        <test-method signature="multipleNumbers()[pri:0, instance:StringCalculatorTest@670002]" started-at="2022-09-08T04:06:31 IST" name="multipleNumbers" finished-at="2022-09-08T04:06:31 IST" duration-ms="2" status="PASS">
          <reporter-output>
          </reporter-output>
        </test-method> <!-- multipleNumbers -->
        <test-method is-config="true" signature="setUp()[pri:0, instance:StringCalculatorTest@670002]" started-at="2022-09-08T04:06:31 IST" name="setUp" finished-at="2022-09-08T04:06:31 IST" duration-ms="0" status="PASS">
          <reporter-output>
          </reporter-output>
        </test-method> <!-- setUp -->
        <test-method is-config="true" signature="tearDown()[pri:0, instance:StringCalculatorTest@670002]" started-at="2022-09-08T04:06:31 IST" name="tearDown" finished-at="2022-09-08T04:06:31 IST" duration-ms="0" status="PASS">
          <reporter-output>
          </reporter-output>
        </test-method> <!-- tearDown -->
        <test-method is-config="true" signature="setUp()[pri:0, instance:StringCalculatorTest@670002]" started-at="2022-09-08T04:06:31 IST" name="setUp" finished-at="2022-09-08T04:06:31 IST" duration-ms="1" status="PASS">
          <reporter-output>
          </reporter-output>
        </test-method> <!-- setUp -->
        <test-method signature="negativeNumberReturnException()[pri:0, instance:StringCalculatorTest@670002]" started-at="2022-09-08T04:06:31 IST" name="negativeNumberReturnException" finished-at="2022-09-08T04:06:31 IST" duration-ms="2" status="PASS">
          <exception class="java.lang.Exception">
            <message>
              <![CDATA[Negatives are not allowed -17]]>
            </message>
            <full-stacktrace>
              <![CDATA[java.lang.Exception: Negatives are not allowed -17
at StringCalculator.findNegatives(StringCalculator.java:64)
at StringCalculator.sum(StringCalculator.java:23)
at StringCalculator.add(StringCalculator.java:18)
at StringCalculatorTest.negativeNumberReturnException(StringCalculatorTest.java:34)
at java.base/jdk.internal.reflect.NativeMethodAccessorImpl.invoke0(Native Method)
at java.base/jdk.internal.reflect.NativeMethodAccessorImpl.invoke(NativeMethodAccessorImpl.java:62)
at java.base/jdk.internal.reflect.DelegatingMethodAccessorImpl.invoke(DelegatingMethodAccessorImpl.java:43)
at java.base/java.lang.reflect.Method.invoke(Method.java:564)
at org.testng.internal.MethodInvocationHelper.invokeMethod(MethodInvocationHelper.java:133)
at org.testng.internal.TestInvoker.invokeMethod(TestInvoker.java:598)
at org.testng.internal.TestInvoker.invokeTestMethod(TestInvoker.java:173)
at org.testng.internal.MethodRunner.runInSequence(MethodRunner.java:46)
at org.testng.internal.TestInvoker$MethodInvocationAgent.invoke(TestInvoker.java:824)
at org.testng.internal.TestInvoker.invokeTestMethods(TestInvoker.java:146)
at org.testng.internal.TestMethodWorker.invokeTestMethods(TestMethodWorker.java:146)
at org.testng.internal.TestMethodWorker.run(TestMethodWorker.java:128)
at java.base/java.util.ArrayList.forEach(ArrayList.java:1511)
at org.testng.TestRunner.privateRun(TestRunner.java:794)
at org.testng.TestRunner.run(TestRunner.java:596)
at org.testng.SuiteRunner.runTest(SuiteRunner.java:377)
at org.testng.SuiteRunner.runSequentially(SuiteRunner.java:371)
at org.testng.SuiteRunner.privateRun(SuiteRunner.java:332)
at org.testng.SuiteRunner.run(SuiteRunner.java:276)
at org.testng.SuiteRunnerWorker.runSuite(SuiteRunnerWorker.java:53)
at org.testng.SuiteRunnerWorker.run(SuiteRunnerWorker.java:96)
at org.testng.TestNG.runSuitesSequentially(TestNG.java:1212)
at org.testng.TestNG.runSuitesLocally(TestNG.java:1134)
at org.testng.TestNG.runSuites(TestNG.java:1063)
at org.testng.TestNG.run(TestNG.java:1031)
at org.testng.remote.AbstractRemoteTestNG.run(AbstractRemoteTestNG.java:115)
at org.testng.remote.RemoteTestNG.initAndRun(RemoteTestNG.java:251)
at org.testng.remote.RemoteTestNG.main(RemoteTestNG.java:77)
]]>
            </full-stacktrace>
          </exception> <!-- java.lang.Exception -->
          <reporter-output>
          </reporter-output>
        </test-method> <!-- negativeNumberReturnException -->
        <test-method is-config="true" signature="tearDown()[pri:0, instance:StringCalculatorTest@670002]" started-at="2022-09-08T04:06:31 IST" name="tearDown" finished-at="2022-09-08T04:06:31 IST" duration-ms="0" status="PASS">
          <reporter-output>
          </reporter-output>
        </test-method> <!-- tearDown -->
        <test-method is-config="true" signature="setUp()[pri:0, instance:StringCalculatorTest@670002]" started-at="2022-09-08T04:06:31 IST" name="setUp" finished-at="2022-09-08T04:06:31 IST" duration-ms="0" status="PASS">
          <reporter-output>
          </reporter-output>
        </test-method> <!-- setUp -->
        <test-method signature="oneNumber()[pri:0, instance:StringCalculatorTest@670002]" started-at="2022-09-08T04:06:31 IST" name="oneNumber" finished-at="2022-09-08T04:06:31 IST" duration-ms="3" status="PASS">
          <reporter-output>
          </reporter-output>
        </test-method> <!-- oneNumber -->
        <test-method is-config="true" signature="tearDown()[pri:0, instance:StringCalculatorTest@670002]" started-at="2022-09-08T04:06:31 IST" name="tearDown" finished-at="2022-09-08T04:06:31 IST" duration-ms="0" status="PASS">
          <reporter-output>
          </reporter-output>
        </test-method> <!-- tearDown -->
        <test-method is-config="true" signature="setUp()[pri:0, instance:StringCalculatorTest@670002]" started-at="2022-09-08T04:06:31 IST" name="setUp" finished-at="2022-09-08T04:06:31 IST" duration-ms="0" status="PASS">
          <reporter-output>
          </reporter-output>
        </test-method> <!-- setUp -->
        <test-method signature="twoNumbers()[pri:0, instance:StringCalculatorTest@670002]" started-at="2022-09-08T04:06:31 IST" name="twoNumbers" finished-at="2022-09-08T04:06:31 IST" duration-ms="1" status="PASS">
          <reporter-output>
          </reporter-output>
        </test-method> <!-- twoNumbers -->
        <test-method is-config="true" signature="tearDown()[pri:0, instance:StringCalculatorTest@670002]" started-at="2022-09-08T04:06:31 IST" name="tearDown" finished-at="2022-09-08T04:06:31 IST" duration-ms="1" status="PASS">
          <reporter-output>
          </reporter-output>
        </test-method> <!-- tearDown -->
      </class> <!-- StringCalculatorTest -->
    </test> <!-- Default test -->
  </suite> <!-- Default suite -->
</testng-results>
